<?xml version="1.0" encoding="UTF-8"?>
<!-- Generated by org.testng.reporters.JUnitXMLReporter -->
<testsuite ignored="0" hostname="Mukesh-Keshari" failures="3" tests="8" name="Surefire test" time="197.659" errors="0" timestamp="2026-06-09T08:34:24 IST">
  <testcase classname="com.ecommerce.tests.LogoutTest" name="testTokenExistsAfterLogin" time="14.006">
    <failure type="java.lang.AssertionError" message="Token should exist in localStorage after login! expected [false] but found [true]">
      <![CDATA[java.lang.AssertionError: Token should exist in localStorage after login! expected [false] but found [true]
at com.ecommerce.tests.LogoutTest.testTokenExistsAfterLogin(LogoutTest.java:40)
at java.base/java.util.ArrayList.forEach(ArrayList.java:1596)
... Removed 33 stack frames]]>
    </failure>
  </testcase> <!-- testTokenExistsAfterLogin -->
  <testcase classname="com.ecommerce.tests.LogoutTest" name="testSessionDataAfterLogin" time="6.235"/>
  <testcase classname="com.ecommerce.tests.LogoutTest" name="testLogoutClearsSession" time="7.973">
    <failure type="java.lang.AssertionError" message="Token should be cleared from localStorage after logout! expected [true] but found [false]">
      <![CDATA[java.lang.AssertionError: Token should be cleared from localStorage after logout! expected [true] but found [false]
at com.ecommerce.tests.LogoutTest.testLogoutClearsSession(LogoutTest.java:96)
at java.base/java.util.ArrayList.forEach(ArrayList.java:1596)
... Removed 33 stack frames]]>
    </failure>
  </testcase> <!-- testLogoutClearsSession -->
  <testcase classname="com.ecommerce.tests.LogoutTest" name="testLogoutRedirectsToLogin" time="9.919">
    <failure type="java.lang.AssertionError" message="Should redirect to login/register after logout! expected [true] but found [false]">
      <![CDATA[java.lang.AssertionError: Should redirect to login/register after logout! expected [true] but found [false]
at com.ecommerce.tests.LogoutTest.testLogoutRedirectsToLogin(LogoutTest.java:123)
at java.base/java.util.ArrayList.forEach(ArrayList.java:1596)
... Removed 33 stack frames]]>
    </failure>
  </testcase> <!-- testLogoutRedirectsToLogin -->
  <testcase classname="com.ecommerce.tests.LogoutTest" name="testSessionPersistsOnRefresh" time="11.24"/>
  <testcase classname="com.ecommerce.tests.LogoutTest" name="testNoTokenBlocksAccess" time="4.017"/>
  <testcase classname="com.ecommerce.tests.LogoutTest" name="testJwtTokenFormat" time="6.506"/>
  <testcase classname="com.ecommerce.tests.LogoutTest" name="testCannotAccessDashboardAfterLogout" time="9.305"/>
</testsuite> <!-- Surefire test -->
