<?xml version="1.0" encoding="UTF-8"?>
<testng-results ignored="0" total="9" passed="9" failed="0" skipped="0">
  <reporter-output>
  </reporter-output>
  <suite started-at="2026-06-04T23:10:36 IST" name="ShopEasy Automation Suite" finished-at="2026-06-04T23:12:53 IST" duration-ms="136414">
    <groups>
    </groups>
    <test started-at="2026-06-04T23:10:36 IST" name="Login Tests - TC001 to TC003" finished-at="2026-06-04T23:11:17 IST" duration-ms="40845">
      <class name="com.ecommerce.tests.LoginTest">
        <test-method is-config="true" signature="setUp()[pri:0, instance:com.ecommerce.tests.LoginTest@39529185]" started-at="2026-06-04T23:10:36 IST" name="setUp" finished-at="2026-06-04T23:10:46 IST" duration-ms="9523" status="PASS">
          <reporter-output>
          </reporter-output>
        </test-method> <!-- setUp -->
        <test-method signature="testValidLogin()[pri:1, instance:com.ecommerce.tests.LoginTest@39529185]" started-at="2026-06-04T23:10:46 IST" name="testValidLogin" description="TC-001: Valid Login" finished-at="2026-06-04T23:10:55 IST" duration-ms="9440" status="PASS">
          <reporter-output>
          </reporter-output>
        </test-method> <!-- testValidLogin -->
        <test-method is-config="true" signature="tearDown()[pri:0, instance:com.ecommerce.tests.LoginTest@39529185]" started-at="2026-06-04T23:10:55 IST" name="tearDown" finished-at="2026-06-04T23:10:57 IST" duration-ms="1611" status="PASS">
          <reporter-output>
          </reporter-output>
        </test-method> <!-- tearDown -->
        <test-method is-config="true" signature="setUp()[pri:0, instance:com.ecommerce.tests.LoginTest@39529185]" started-at="2026-06-04T23:10:57 IST" name="setUp" finished-at="2026-06-04T23:11:02 IST" duration-ms="4838" status="PASS">
          <reporter-output>
          </reporter-output>
        </test-method> <!-- setUp -->
        <test-method signature="testWrongPassword()[pri:2, instance:com.ecommerce.tests.LoginTest@39529185]" started-at="2026-06-04T23:11:02 IST" name="testWrongPassword" description="TC-002: Wrong Password" finished-at="2026-06-04T23:11:08 IST" duration-ms="6514" status="PASS">
          <reporter-output>
          </reporter-output>
        </test-method> <!-- testWrongPassword -->
        <test-method is-config="true" signature="tearDown()[pri:0, instance:com.ecommerce.tests.LoginTest@39529185]" started-at="2026-06-04T23:11:08 IST" name="tearDown" finished-at="2026-06-04T23:11:10 IST" duration-ms="1293" status="PASS">
          <reporter-output>
          </reporter-output>
        </test-method> <!-- tearDown -->
        <test-method is-config="true" signature="setUp()[pri:0, instance:com.ecommerce.tests.LoginTest@39529185]" started-at="2026-06-04T23:11:10 IST" name="setUp" finished-at="2026-06-04T23:11:13 IST" duration-ms="3537" status="PASS">
          <reporter-output>
          </reporter-output>
        </test-method> <!-- setUp -->
        <test-method signature="testEmptyFields()[pri:3, instance:com.ecommerce.tests.LoginTest@39529185]" started-at="2026-06-04T23:11:13 IST" name="testEmptyFields" description="TC-003: Empty Fields" finished-at="2026-06-04T23:11:16 IST" duration-ms="2563" status="PASS">
          <reporter-output>
          </reporter-output>
        </test-method> <!-- testEmptyFields -->
        <test-method is-config="true" signature="tearDown()[pri:0, instance:com.ecommerce.tests.LoginTest@39529185]" started-at="2026-06-04T23:11:16 IST" name="tearDown" finished-at="2026-06-04T23:11:17 IST" duration-ms="1373" status="PASS">
          <reporter-output>
          </reporter-output>
        </test-method> <!-- tearDown -->
      </class> <!-- com.ecommerce.tests.LoginTest -->
    </test> <!-- Login Tests - TC001 to TC003 -->
    <test started-at="2026-06-04T23:11:17 IST" name="Register Tests - TC004 to TC007" finished-at="2026-06-04T23:11:31 IST" duration-ms="14090">
      <class name="com.ecommerce.tests.RegisterTest">
        <test-method is-config="true" signature="setUp()[pri:0, instance:com.ecommerce.tests.RegisterTest@399f45b1]" started-at="2026-06-04T23:11:17 IST" name="setUp" finished-at="2026-06-04T23:11:20 IST" duration-ms="2645" status="PASS">
          <reporter-output>
          </reporter-output>
        </test-method> <!-- setUp -->
        <test-method signature="testValidRegister()[pri:1, instance:com.ecommerce.tests.RegisterTest@399f45b1]" started-at="2026-06-04T23:11:20 IST" name="testValidRegister" description="TC-004: Valid registration" finished-at="2026-06-04T23:11:24 IST" duration-ms="3708" status="PASS">
          <reporter-output>
          </reporter-output>
        </test-method> <!-- testValidRegister -->
        <test-method is-config="true" signature="tearDown()[pri:0, instance:com.ecommerce.tests.RegisterTest@399f45b1]" started-at="2026-06-04T23:11:24 IST" name="tearDown" finished-at="2026-06-04T23:11:25 IST" duration-ms="945" status="PASS">
          <reporter-output>
          </reporter-output>
        </test-method> <!-- tearDown -->
        <test-method is-config="true" signature="setUp()[pri:0, instance:com.ecommerce.tests.RegisterTest@399f45b1]" started-at="2026-06-04T23:11:25 IST" name="setUp" finished-at="2026-06-04T23:11:28 IST" duration-ms="2989" status="PASS">
          <reporter-output>
          </reporter-output>
        </test-method> <!-- setUp -->
        <test-method signature="testPasswordMismatch()[pri:2, instance:com.ecommerce.tests.RegisterTest@399f45b1]" started-at="2026-06-04T23:11:28 IST" name="testPasswordMismatch" description="TC-005: Password mismatch" finished-at="2026-06-04T23:11:31 IST" duration-ms="3235" status="PASS">
          <reporter-output>
          </reporter-output>
        </test-method> <!-- testPasswordMismatch -->
        <test-method is-config="true" signature="tearDown()[pri:0, instance:com.ecommerce.tests.RegisterTest@399f45b1]" started-at="2026-06-04T23:11:31 IST" name="tearDown" finished-at="2026-06-04T23:11:31 IST" duration-ms="531" status="PASS">
          <reporter-output>
          </reporter-output>
        </test-method> <!-- tearDown -->
      </class> <!-- com.ecommerce.tests.RegisterTest -->
    </test> <!-- Register Tests - TC004 to TC007 -->
    <test started-at="2026-06-04T23:11:31 IST" name="Navigation Tests - TC021 to TC026" finished-at="2026-06-04T23:12:53 IST" duration-ms="81295">
      <class name="com.ecommerce.tests.NavigationTest">
        <test-method is-config="true" signature="setUp()[pri:0, instance:com.ecommerce.tests.NavigationTest@1189dd52]" started-at="2026-06-04T23:11:31 IST" name="setUp" finished-at="2026-06-04T23:11:34 IST" duration-ms="2574" status="PASS">
          <reporter-output>
          </reporter-output>
        </test-method> <!-- setUp -->
        <test-method signature="testHomePageLoads()[pri:1, instance:com.ecommerce.tests.NavigationTest@1189dd52]" started-at="2026-06-04T23:11:34 IST" name="testHomePageLoads" description="TC-021: Home page loads" finished-at="2026-06-04T23:11:44 IST" duration-ms="9747" status="PASS">
          <reporter-output>
          </reporter-output>
        </test-method> <!-- testHomePageLoads -->
        <test-method is-config="true" signature="tearDown()[pri:0, instance:com.ecommerce.tests.NavigationTest@1189dd52]" started-at="2026-06-04T23:11:44 IST" name="tearDown" finished-at="2026-06-04T23:11:46 IST" duration-ms="2584" status="PASS">
          <reporter-output>
          </reporter-output>
        </test-method> <!-- tearDown -->
        <test-method is-config="true" signature="setUp()[pri:0, instance:com.ecommerce.tests.NavigationTest@1189dd52]" started-at="2026-06-04T23:11:46 IST" name="setUp" finished-at="2026-06-04T23:11:49 IST" duration-ms="2642" status="PASS">
          <reporter-output>
          </reporter-output>
        </test-method> <!-- setUp -->
        <test-method signature="testShopNow()[pri:2, instance:com.ecommerce.tests.NavigationTest@1189dd52]" started-at="2026-06-04T23:11:49 IST" name="testShopNow" description="TC-022: Shop Now works" finished-at="2026-06-04T23:12:10 IST" duration-ms="21116" status="PASS">
          <reporter-output>
          </reporter-output>
        </test-method> <!-- testShopNow -->
        <test-method is-config="true" signature="tearDown()[pri:0, instance:com.ecommerce.tests.NavigationTest@1189dd52]" started-at="2026-06-04T23:12:10 IST" name="tearDown" finished-at="2026-06-04T23:12:13 IST" duration-ms="2435" status="PASS">
          <reporter-output>
          </reporter-output>
        </test-method> <!-- tearDown -->
        <test-method is-config="true" signature="setUp()[pri:0, instance:com.ecommerce.tests.NavigationTest@1189dd52]" started-at="2026-06-04T23:12:13 IST" name="setUp" finished-at="2026-06-04T23:12:15 IST" duration-ms="2415" status="PASS">
          <reporter-output>
          </reporter-output>
        </test-method> <!-- setUp -->
        <test-method signature="testCart()[pri:3, instance:com.ecommerce.tests.NavigationTest@1189dd52]" started-at="2026-06-04T23:12:15 IST" name="testCart" description="TC-023: Cart opens" finished-at="2026-06-04T23:12:40 IST" duration-ms="24494" status="PASS">
          <reporter-output>
          </reporter-output>
        </test-method> <!-- testCart -->
        <test-method is-config="true" signature="tearDown()[pri:0, instance:com.ecommerce.tests.NavigationTest@1189dd52]" started-at="2026-06-04T23:12:40 IST" name="tearDown" finished-at="2026-06-04T23:12:41 IST" duration-ms="1055" status="PASS">
          <reporter-output>
          </reporter-output>
        </test-method> <!-- tearDown -->
        <test-method is-config="true" signature="setUp()[pri:0, instance:com.ecommerce.tests.NavigationTest@1189dd52]" started-at="2026-06-04T23:12:41 IST" name="setUp" finished-at="2026-06-04T23:12:43 IST" duration-ms="2556" status="PASS">
          <reporter-output>
          </reporter-output>
        </test-method> <!-- setUp -->
        <test-method signature="testSearch()[pri:4, instance:com.ecommerce.tests.NavigationTest@1189dd52]" started-at="2026-06-04T23:12:43 IST" name="testSearch" description="TC-024: Search works" finished-at="2026-06-04T23:12:52 IST" duration-ms="8875" status="PASS">
          <reporter-output>
          </reporter-output>
        </test-method> <!-- testSearch -->
        <test-method is-config="true" signature="tearDown()[pri:0, instance:com.ecommerce.tests.NavigationTest@1189dd52]" started-at="2026-06-04T23:12:52 IST" name="tearDown" finished-at="2026-06-04T23:12:53 IST" duration-ms="769" status="PASS">
          <reporter-output>
          </reporter-output>
        </test-method> <!-- tearDown -->
      </class> <!-- com.ecommerce.tests.NavigationTest -->
    </test> <!-- Navigation Tests - TC021 to TC026 -->
  </suite> <!-- ShopEasy Automation Suite -->
</testng-results>
