<?xml version="1.0" encoding="UTF-8"?>
<testng-results ignored="0" total="8" passed="5" failed="3" skipped="0">
  <reporter-output>
  </reporter-output>
  <suite started-at="2026-06-09T08:31:07 IST" name="Surefire suite" finished-at="2026-06-09T08:34:24 IST" duration-ms="197659">
    <groups>
    </groups>
    <test started-at="2026-06-09T08:31:07 IST" name="Surefire test" finished-at="2026-06-09T08:34:24 IST" duration-ms="197659">
      <class name="com.ecommerce.tests.LogoutTest">
        <test-method is-config="true" signature="setUp()[pri:0, instance:com.ecommerce.tests.LogoutTest@79efed2d]" started-at="2026-06-09T08:31:07 IST" name="setUp" finished-at="2026-06-09T08:31:19 IST" duration-ms="12258" status="PASS">
          <reporter-output>
          </reporter-output>
        </test-method> <!-- setUp -->
        <test-method signature="testTokenExistsAfterLogin()[pri:1, instance:com.ecommerce.tests.LogoutTest@79efed2d]" started-at="2026-06-09T08:31:19 IST" name="testTokenExistsAfterLogin" description="TC-010: Token exists after login" finished-at="2026-06-09T08:31:33 IST" duration-ms="14006" status="FAIL">
          <exception class="java.lang.AssertionError">
            <message>
              <![CDATA[Token should exist in localStorage after login! expected [false] but found [true]]]>
            </message>
            <full-stacktrace>
              <![CDATA[java.lang.AssertionError: Token should exist in localStorage after login! expected [false] but found [true]
at org.testng.Assert.fail(Assert.java:111)
at org.testng.Assert.failNotEquals(Assert.java:1578)
at org.testng.Assert.assertFalse(Assert.java:79)
at com.ecommerce.tests.LogoutTest.testTokenExistsAfterLogin(LogoutTest.java:40)
at java.base/jdk.internal.reflect.DirectMethodHandleAccessor.invoke(DirectMethodHandleAccessor.java:103)
at java.base/java.lang.reflect.Method.invoke(Method.java:580)
at org.testng.internal.invokers.MethodInvocationHelper.invokeMethod(MethodInvocationHelper.java:139)
at org.testng.internal.invokers.TestInvoker.invokeMethod(TestInvoker.java:664)
at org.testng.internal.invokers.TestInvoker.invokeTestMethod(TestInvoker.java:228)
at org.testng.internal.invokers.MethodRunner.runInSequence(MethodRunner.java:63)
at org.testng.internal.invokers.TestInvoker$MethodInvocationAgent.invoke(TestInvoker.java:961)
at org.testng.internal.invokers.TestInvoker.invokeTestMethods(TestInvoker.java:201)
at org.testng.internal.invokers.TestMethodWorker.invokeTestMethods(TestMethodWorker.java:148)
at org.testng.internal.invokers.TestMethodWorker.run(TestMethodWorker.java:128)
at java.base/java.util.ArrayList.forEach(ArrayList.java:1596)
at org.testng.TestRunner.privateRun(TestRunner.java:819)
at org.testng.TestRunner.run(TestRunner.java:619)
at org.testng.SuiteRunner.runTest(SuiteRunner.java:443)
at org.testng.SuiteRunner.runSequentially(SuiteRunner.java:437)
at org.testng.SuiteRunner.privateRun(SuiteRunner.java:397)
at org.testng.SuiteRunner.run(SuiteRunner.java:336)
at org.testng.SuiteRunnerWorker.runSuite(SuiteRunnerWorker.java:52)
at org.testng.SuiteRunnerWorker.run(SuiteRunnerWorker.java:95)
at org.testng.TestNG.runSuitesSequentially(TestNG.java:1301)
at org.testng.TestNG.runSuitesLocally(TestNG.java:1228)
at org.testng.TestNG.runSuites(TestNG.java:1134)
at org.testng.TestNG.run(TestNG.java:1101)
at org.apache.maven.surefire.testng.TestNGExecutor.run(TestNGExecutor.java:155)
at org.apache.maven.surefire.testng.TestNGDirectoryTestSuite.executeSingleClass(TestNGDirectoryTestSuite.java:102)
at org.apache.maven.surefire.testng.TestNGDirectoryTestSuite.execute(TestNGDirectoryTestSuite.java:91)
at org.apache.maven.surefire.testng.TestNGProvider.invoke(TestNGProvider.java:137)
at org.apache.maven.surefire.booter.ForkedBooter.runSuitesInProcess(ForkedBooter.java:385)
at org.apache.maven.surefire.booter.ForkedBooter.execute(ForkedBooter.java:162)
at org.apache.maven.surefire.booter.ForkedBooter.run(ForkedBooter.java:507)
at org.apache.maven.surefire.booter.ForkedBooter.main(ForkedBooter.java:495)
]]>
            </full-stacktrace>
          </exception> <!-- java.lang.AssertionError -->
          <reporter-output>
          </reporter-output>
        </test-method> <!-- testTokenExistsAfterLogin -->
        <test-method is-config="true" signature="tearDown()[pri:0, instance:com.ecommerce.tests.LogoutTest@79efed2d]" started-at="2026-06-09T08:31:33 IST" name="tearDown" finished-at="2026-06-09T08:31:52 IST" duration-ms="18872" status="PASS">
          <reporter-output>
          </reporter-output>
        </test-method> <!-- tearDown -->
        <test-method is-config="true" signature="setUp()[pri:0, instance:com.ecommerce.tests.LogoutTest@79efed2d]" started-at="2026-06-09T08:31:52 IST" name="setUp" finished-at="2026-06-09T08:31:58 IST" duration-ms="6029" status="PASS">
          <reporter-output>
          </reporter-output>
        </test-method> <!-- setUp -->
        <test-method signature="testSessionDataAfterLogin()[pri:2, instance:com.ecommerce.tests.LogoutTest@79efed2d]" started-at="2026-06-09T08:31:58 IST" name="testSessionDataAfterLogin" description="TC-010a: Name &amp; email stored after login" finished-at="2026-06-09T08:32:05 IST" duration-ms="6235" status="PASS">
          <reporter-output>
          </reporter-output>
        </test-method> <!-- testSessionDataAfterLogin -->
        <test-method is-config="true" signature="tearDown()[pri:0, instance:com.ecommerce.tests.LogoutTest@79efed2d]" started-at="2026-06-09T08:32:05 IST" name="tearDown" finished-at="2026-06-09T08:32:07 IST" duration-ms="2026" status="PASS">
          <reporter-output>
          </reporter-output>
        </test-method> <!-- tearDown -->
        <test-method is-config="true" signature="setUp()[pri:0, instance:com.ecommerce.tests.LogoutTest@79efed2d]" started-at="2026-06-09T08:32:07 IST" name="setUp" finished-at="2026-06-09T08:32:11 IST" duration-ms="4107" status="PASS">
          <reporter-output>
          </reporter-output>
        </test-method> <!-- setUp -->
        <test-method signature="testLogoutClearsSession()[pri:3, instance:com.ecommerce.tests.LogoutTest@79efed2d]" started-at="2026-06-09T08:32:11 IST" name="testLogoutClearsSession" description="TC-010b: T076 - Logout clears session" finished-at="2026-06-09T08:32:19 IST" duration-ms="7973" status="FAIL">
          <exception class="java.lang.AssertionError">
            <message>
              <![CDATA[Token should be cleared from localStorage after logout! expected [true] but found [false]]]>
            </message>
            <full-stacktrace>
              <![CDATA[java.lang.AssertionError: Token should be cleared from localStorage after logout! expected [true] but found [false]
at org.testng.Assert.fail(Assert.java:111)
at org.testng.Assert.failNotEquals(Assert.java:1578)
at org.testng.Assert.assertTrue(Assert.java:57)
at com.ecommerce.tests.LogoutTest.testLogoutClearsSession(LogoutTest.java:96)
at java.base/jdk.internal.reflect.DirectMethodHandleAccessor.invoke(DirectMethodHandleAccessor.java:103)
at java.base/java.lang.reflect.Method.invoke(Method.java:580)
at org.testng.internal.invokers.MethodInvocationHelper.invokeMethod(MethodInvocationHelper.java:139)
at org.testng.internal.invokers.TestInvoker.invokeMethod(TestInvoker.java:664)
at org.testng.internal.invokers.TestInvoker.invokeTestMethod(TestInvoker.java:228)
at org.testng.internal.invokers.MethodRunner.runInSequence(MethodRunner.java:63)
at org.testng.internal.invokers.TestInvoker$MethodInvocationAgent.invoke(TestInvoker.java:961)
at org.testng.internal.invokers.TestInvoker.invokeTestMethods(TestInvoker.java:201)
at org.testng.internal.invokers.TestMethodWorker.invokeTestMethods(TestMethodWorker.java:148)
at org.testng.internal.invokers.TestMethodWorker.run(TestMethodWorker.java:128)
at java.base/java.util.ArrayList.forEach(ArrayList.java:1596)
at org.testng.TestRunner.privateRun(TestRunner.java:819)
at org.testng.TestRunner.run(TestRunner.java:619)
at org.testng.SuiteRunner.runTest(SuiteRunner.java:443)
at org.testng.SuiteRunner.runSequentially(SuiteRunner.java:437)
at org.testng.SuiteRunner.privateRun(SuiteRunner.java:397)
at org.testng.SuiteRunner.run(SuiteRunner.java:336)
at org.testng.SuiteRunnerWorker.runSuite(SuiteRunnerWorker.java:52)
at org.testng.SuiteRunnerWorker.run(SuiteRunnerWorker.java:95)
at org.testng.TestNG.runSuitesSequentially(TestNG.java:1301)
at org.testng.TestNG.runSuitesLocally(TestNG.java:1228)
at org.testng.TestNG.runSuites(TestNG.java:1134)
at org.testng.TestNG.run(TestNG.java:1101)
at org.apache.maven.surefire.testng.TestNGExecutor.run(TestNGExecutor.java:155)
at org.apache.maven.surefire.testng.TestNGDirectoryTestSuite.executeSingleClass(TestNGDirectoryTestSuite.java:102)
at org.apache.maven.surefire.testng.TestNGDirectoryTestSuite.execute(TestNGDirectoryTestSuite.java:91)
at org.apache.maven.surefire.testng.TestNGProvider.invoke(TestNGProvider.java:137)
at org.apache.maven.surefire.booter.ForkedBooter.runSuitesInProcess(ForkedBooter.java:385)
at org.apache.maven.surefire.booter.ForkedBooter.execute(ForkedBooter.java:162)
at org.apache.maven.surefire.booter.ForkedBooter.run(ForkedBooter.java:507)
at org.apache.maven.surefire.booter.ForkedBooter.main(ForkedBooter.java:495)
]]>
            </full-stacktrace>
          </exception> <!-- java.lang.AssertionError -->
          <reporter-output>
          </reporter-output>
        </test-method> <!-- testLogoutClearsSession -->
        <test-method is-config="true" signature="tearDown()[pri:0, instance:com.ecommerce.tests.LogoutTest@79efed2d]" started-at="2026-06-09T08:32:19 IST" name="tearDown" finished-at="2026-06-09T08:32:20 IST" duration-ms="1176" status="PASS">
          <reporter-output>
          </reporter-output>
        </test-method> <!-- tearDown -->
        <test-method is-config="true" signature="setUp()[pri:0, instance:com.ecommerce.tests.LogoutTest@79efed2d]" started-at="2026-06-09T08:32:20 IST" name="setUp" finished-at="2026-06-09T08:32:23 IST" duration-ms="3073" status="PASS">
          <reporter-output>
          </reporter-output>
        </test-method> <!-- setUp -->
        <test-method signature="testLogoutRedirectsToLogin()[pri:4, instance:com.ecommerce.tests.LogoutTest@79efed2d]" started-at="2026-06-09T08:32:23 IST" name="testLogoutRedirectsToLogin" description="TC-010c: T076 - After logout redirects to auth" finished-at="2026-06-09T08:32:33 IST" duration-ms="9919" status="FAIL">
          <exception class="java.lang.AssertionError">
            <message>
              <![CDATA[Should redirect to login/register after logout! expected [true] but found [false]]]>
            </message>
            <full-stacktrace>
              <![CDATA[java.lang.AssertionError: Should redirect to login/register after logout! expected [true] but found [false]
at org.testng.Assert.fail(Assert.java:111)
at org.testng.Assert.failNotEquals(Assert.java:1578)
at org.testng.Assert.assertTrue(Assert.java:57)
at com.ecommerce.tests.LogoutTest.testLogoutRedirectsToLogin(LogoutTest.java:123)
at java.base/jdk.internal.reflect.DirectMethodHandleAccessor.invoke(DirectMethodHandleAccessor.java:103)
at java.base/java.lang.reflect.Method.invoke(Method.java:580)
at org.testng.internal.invokers.MethodInvocationHelper.invokeMethod(MethodInvocationHelper.java:139)
at org.testng.internal.invokers.TestInvoker.invokeMethod(TestInvoker.java:664)
at org.testng.internal.invokers.TestInvoker.invokeTestMethod(TestInvoker.java:228)
at org.testng.internal.invokers.MethodRunner.runInSequence(MethodRunner.java:63)
at org.testng.internal.invokers.TestInvoker$MethodInvocationAgent.invoke(TestInvoker.java:961)
at org.testng.internal.invokers.TestInvoker.invokeTestMethods(TestInvoker.java:201)
at org.testng.internal.invokers.TestMethodWorker.invokeTestMethods(TestMethodWorker.java:148)
at org.testng.internal.invokers.TestMethodWorker.run(TestMethodWorker.java:128)
at java.base/java.util.ArrayList.forEach(ArrayList.java:1596)
at org.testng.TestRunner.privateRun(TestRunner.java:819)
at org.testng.TestRunner.run(TestRunner.java:619)
at org.testng.SuiteRunner.runTest(SuiteRunner.java:443)
at org.testng.SuiteRunner.runSequentially(SuiteRunner.java:437)
at org.testng.SuiteRunner.privateRun(SuiteRunner.java:397)
at org.testng.SuiteRunner.run(SuiteRunner.java:336)
at org.testng.SuiteRunnerWorker.runSuite(SuiteRunnerWorker.java:52)
at org.testng.SuiteRunnerWorker.run(SuiteRunnerWorker.java:95)
at org.testng.TestNG.runSuitesSequentially(TestNG.java:1301)
at org.testng.TestNG.runSuitesLocally(TestNG.java:1228)
at org.testng.TestNG.runSuites(TestNG.java:1134)
at org.testng.TestNG.run(TestNG.java:1101)
at org.apache.maven.surefire.testng.TestNGExecutor.run(TestNGExecutor.java:155)
at org.apache.maven.surefire.testng.TestNGDirectoryTestSuite.executeSingleClass(TestNGDirectoryTestSuite.java:102)
at org.apache.maven.surefire.testng.TestNGDirectoryTestSuite.execute(TestNGDirectoryTestSuite.java:91)
at org.apache.maven.surefire.testng.TestNGProvider.invoke(TestNGProvider.java:137)
at org.apache.maven.surefire.booter.ForkedBooter.runSuitesInProcess(ForkedBooter.java:385)
at org.apache.maven.surefire.booter.ForkedBooter.execute(ForkedBooter.java:162)
at org.apache.maven.surefire.booter.ForkedBooter.run(ForkedBooter.java:507)
at org.apache.maven.surefire.booter.ForkedBooter.main(ForkedBooter.java:495)
]]>
            </full-stacktrace>
          </exception> <!-- java.lang.AssertionError -->
          <reporter-output>
          </reporter-output>
        </test-method> <!-- testLogoutRedirectsToLogin -->
        <test-method is-config="true" signature="tearDown()[pri:0, instance:com.ecommerce.tests.LogoutTest@79efed2d]" started-at="2026-06-09T08:32:33 IST" name="tearDown" finished-at="2026-06-09T08:32:50 IST" duration-ms="17533" status="PASS">
          <reporter-output>
          </reporter-output>
        </test-method> <!-- tearDown -->
        <test-method is-config="true" signature="setUp()[pri:0, instance:com.ecommerce.tests.LogoutTest@79efed2d]" started-at="2026-06-09T08:32:50 IST" name="setUp" finished-at="2026-06-09T08:32:55 IST" duration-ms="4561" status="PASS">
          <reporter-output>
          </reporter-output>
        </test-method> <!-- setUp -->
        <test-method signature="testSessionPersistsOnRefresh()[pri:5, instance:com.ecommerce.tests.LogoutTest@79efed2d]" started-at="2026-06-09T08:32:55 IST" name="testSessionPersistsOnRefresh" description="TC-009: T077 - Session persists on refresh" finished-at="2026-06-09T08:33:06 IST" duration-ms="11240" status="PASS">
          <reporter-output>
          </reporter-output>
        </test-method> <!-- testSessionPersistsOnRefresh -->
        <test-method is-config="true" signature="tearDown()[pri:0, instance:com.ecommerce.tests.LogoutTest@79efed2d]" started-at="2026-06-09T08:33:06 IST" name="tearDown" finished-at="2026-06-09T08:33:30 IST" duration-ms="23714" status="PASS">
          <reporter-output>
          </reporter-output>
        </test-method> <!-- tearDown -->
        <test-method is-config="true" signature="setUp()[pri:0, instance:com.ecommerce.tests.LogoutTest@79efed2d]" started-at="2026-06-09T08:33:30 IST" name="setUp" finished-at="2026-06-09T08:33:34 IST" duration-ms="3912" status="PASS">
          <reporter-output>
          </reporter-output>
        </test-method> <!-- setUp -->
        <test-method signature="testNoTokenBlocksAccess()[pri:6, instance:com.ecommerce.tests.LogoutTest@79efed2d]" started-at="2026-06-09T08:33:34 IST" name="testNoTokenBlocksAccess" description="TC-011: T077 - No token = access denied" finished-at="2026-06-09T08:33:38 IST" duration-ms="4017" status="PASS">
          <reporter-output>
          </reporter-output>
        </test-method> <!-- testNoTokenBlocksAccess -->
        <test-method is-config="true" signature="tearDown()[pri:0, instance:com.ecommerce.tests.LogoutTest@79efed2d]" started-at="2026-06-09T08:33:38 IST" name="tearDown" finished-at="2026-06-09T08:33:39 IST" duration-ms="977" status="PASS">
          <reporter-output>
          </reporter-output>
        </test-method> <!-- tearDown -->
        <test-method is-config="true" signature="setUp()[pri:0, instance:com.ecommerce.tests.LogoutTest@79efed2d]" started-at="2026-06-09T08:33:39 IST" name="setUp" finished-at="2026-06-09T08:33:42 IST" duration-ms="3050" status="PASS">
          <reporter-output>
          </reporter-output>
        </test-method> <!-- setUp -->
        <test-method signature="testJwtTokenFormat()[pri:7, instance:com.ecommerce.tests.LogoutTest@79efed2d]" started-at="2026-06-09T08:33:42 IST" name="testJwtTokenFormat" description="TC-008: T077 - JWT token format validation" finished-at="2026-06-09T08:33:48 IST" duration-ms="6506" status="PASS">
          <reporter-output>
          </reporter-output>
        </test-method> <!-- testJwtTokenFormat -->
        <test-method is-config="true" signature="tearDown()[pri:0, instance:com.ecommerce.tests.LogoutTest@79efed2d]" started-at="2026-06-09T08:33:48 IST" name="tearDown" finished-at="2026-06-09T08:33:49 IST" duration-ms="746" status="PASS">
          <reporter-output>
          </reporter-output>
        </test-method> <!-- tearDown -->
        <test-method is-config="true" signature="setUp()[pri:0, instance:com.ecommerce.tests.LogoutTest@79efed2d]" started-at="2026-06-09T08:33:49 IST" name="setUp" finished-at="2026-06-09T08:33:52 IST" duration-ms="3036" status="PASS">
          <reporter-output>
          </reporter-output>
        </test-method> <!-- setUp -->
        <test-method signature="testCannotAccessDashboardAfterLogout()[pri:8, instance:com.ecommerce.tests.LogoutTest@79efed2d]" started-at="2026-06-09T08:33:52 IST" name="testCannotAccessDashboardAfterLogout" description="TC-010d: T076 - Cannot access dashboard after logout" finished-at="2026-06-09T08:34:02 IST" duration-ms="9305" status="PASS">
          <reporter-output>
          </reporter-output>
        </test-method> <!-- testCannotAccessDashboardAfterLogout -->
        <test-method is-config="true" signature="tearDown()[pri:0, instance:com.ecommerce.tests.LogoutTest@79efed2d]" started-at="2026-06-09T08:34:02 IST" name="tearDown" finished-at="2026-06-09T08:34:24 IST" duration-ms="22586" status="PASS">
          <reporter-output>
          </reporter-output>
        </test-method> <!-- tearDown -->
      </class> <!-- com.ecommerce.tests.LogoutTest -->
    </test> <!-- Surefire test -->
  </suite> <!-- Surefire suite -->
</testng-results>
