<?xml version="1.0" encoding="UTF-8"?>
<!-- Generated by org.testng.reporters.JUnitXMLReporter -->
<testsuite ignored="0" hostname="Mukesh-Keshari" failures="0" tests="3" name="Login Tests - TC001 to TC003" time="40.845" errors="0" timestamp="2026-06-04T23:11:17 IST">
  <testcase classname="com.ecommerce.tests.LoginTest" name="testValidLogin" time="9.44"/>
  <testcase classname="com.ecommerce.tests.LoginTest" name="testWrongPassword" time="6.514"/>
  <testcase classname="com.ecommerce.tests.LoginTest" name="testEmptyFields" time="2.563"/>
</testsuite> <!-- Login Tests - TC001 to TC003 -->
