<?xml version="1.0" encoding="UTF-8"?>
<!-- Generated by org.testng.reporters.JUnitXMLReporter -->
<testsuite ignored="0" hostname="Mukesh-Keshari" failures="0" tests="4" name="Navigation Tests - TC021 to TC026" time="81.295" errors="0" timestamp="2026-06-04T23:12:53 IST">
  <testcase classname="com.ecommerce.tests.NavigationTest" name="testHomePageLoads" time="9.747"/>
  <testcase classname="com.ecommerce.tests.NavigationTest" name="testShopNow" time="21.116"/>
  <testcase classname="com.ecommerce.tests.NavigationTest" name="testCart" time="24.494"/>
  <testcase classname="com.ecommerce.tests.NavigationTest" name="testSearch" time="8.875"/>
</testsuite> <!-- Navigation Tests - TC021 to TC026 -->
