<?xml version="1.0" encoding="UTF-8"?>
<!-- Generated by org.testng.reporters.JUnitXMLReporter -->
<testsuite ignored="0" hostname="Mukesh-Keshari" failures="0" tests="2" name="Register Tests - TC004 to TC007" time="14.09" errors="0" timestamp="2026-06-04T23:11:31 IST">
  <testcase classname="com.ecommerce.tests.RegisterTest" name="testValidRegister" time="3.708"/>
  <testcase classname="com.ecommerce.tests.RegisterTest" name="testPasswordMismatch" time="3.235"/>
</testsuite> <!-- Register Tests - TC004 to TC007 -->
