<?xml version="1.0" encoding="UTF-8"?>
<!-- Generated by org.testng.reporters.JUnitReportReporter -->
<testsuite hostname="Mukesh-Keshari" failures="0" tests="3" name="com.ecommerce.tests.LoginTest" time="40.692" errors="0" timestamp="2026-06-04T23:12:53 IST" skipped="0">
  <testcase classname="com.ecommerce.tests.LoginTest" name="testValidLogin" time="20.574"/>
  <testcase classname="com.ecommerce.tests.LoginTest" name="testWrongPassword" time="12.725"/>
  <testcase classname="com.ecommerce.tests.LoginTest" name="testEmptyFields" time="7.393"/>
</testsuite> <!-- com.ecommerce.tests.LoginTest -->
