<?xml version="1.0" encoding="UTF-8"?>
<!-- Generated by org.testng.reporters.JUnitReportReporter -->
<testsuite hostname="Mukesh-Keshari" failures="0" tests="4" name="com.ecommerce.tests.NavigationTest" time="81.262" errors="0" timestamp="2026-06-04T23:12:53 IST" skipped="0">
  <testcase classname="com.ecommerce.tests.NavigationTest" name="testHomePageLoads" time="12.931"/>
  <testcase classname="com.ecommerce.tests.NavigationTest" name="testShopNow" time="24.745"/>
  <testcase classname="com.ecommerce.tests.NavigationTest" name="testCart" time="29.720"/>
  <testcase classname="com.ecommerce.tests.NavigationTest" name="testSearch" time="13.866"/>
</testsuite> <!-- com.ecommerce.tests.NavigationTest -->
