<?xml version="1.0" encoding="UTF-8"?>
<!-- Generated by org.testng.reporters.JUnitReportReporter -->
<testsuite hostname="Mukesh-Keshari" failures="0" tests="2" name="com.ecommerce.tests.RegisterTest" time="14.053" errors="0" timestamp="2026-06-04T23:12:53 IST" skipped="0">
  <testcase classname="com.ecommerce.tests.RegisterTest" name="testValidRegister" time="6.884"/>
  <testcase classname="com.ecommerce.tests.RegisterTest" name="testPasswordMismatch" time="7.169"/>
</testsuite> <!-- com.ecommerce.tests.RegisterTest -->
